{"C:\\Users\\Daniel\\OneDrive\\Escritorio\\Maestría\\BACKEND NODE JS\\tareas\\modulo4-ejercicio\\app.js": {"path":"C:\\Users\\Daniel\\OneDrive\\Escritorio\\Maestría\\BACKEND NODE JS\\tareas\\modulo4-ejercicio\\app.js","statementMap":{"0":{"start":{"line":2,"column":22},"end":{"line":2,"column":41}},"1":{"start":{"line":3,"column":19},"end":{"line":3,"column":49}},"2":{"start":{"line":4,"column":19},"end":{"line":4,"column":49}},"3":{"start":{"line":5,"column":15},"end":{"line":5,"column":32}},"4":{"start":{"line":6,"column":17},"end":{"line":6,"column":60}},"5":{"start":{"line":7,"column":16},"end":{"line":7,"column":34}},"6":{"start":{"line":8,"column":13},"end":{"line":8,"column":28}},"7":{"start":{"line":9,"column":21},"end":{"line":9,"column":67}},"8":{"start":{"line":10,"column":12},"end":{"line":10,"column":21}},"9":{"start":{"line":13,"column":0},"end":{"line":17,"column":4}},"10":{"start":{"line":20,"column":0},"end":{"line":20,"column":22}},"11":{"start":{"line":23,"column":0},"end":{"line":23,"column":18}},"12":{"start":{"line":24,"column":0},"end":{"line":24,"column":24}},"13":{"start":{"line":25,"column":0},"end":{"line":25,"column":18}},"14":{"start":{"line":28,"column":0},"end":{"line":28,"column":28}},"15":{"start":{"line":29,"column":0},"end":{"line":29,"column":28}},"16":{"start":{"line":32,"column":0},"end":{"line":41,"column":1}},"17":{"start":{"line":33,"column":2},"end":{"line":40,"column":7}},"18":{"start":{"line":36,"column":6},"end":{"line":36,"column":63}},"19":{"start":{"line":39,"column":6},"end":{"line":39,"column":68}},"20":{"start":{"line":43,"column":0},"end":{"line":43,"column":21}}},"fnMap":{"0":{"name":"(anonymous_0)","decl":{"start":{"line":35,"column":10},"end":{"line":35,"column":11}},"loc":{"start":{"line":35,"column":16},"end":{"line":37,"column":5}},"line":35},"1":{"name":"(anonymous_1)","decl":{"start":{"line":38,"column":11},"end":{"line":38,"column":12}},"loc":{"start":{"line":38,"column":20},"end":{"line":40,"column":5}},"line":38}},"branchMap":{"0":{"loc":{"start":{"line":32,"column":0},"end":{"line":41,"column":1}},"type":"if","locations":[{"start":{"line":32,"column":0},"end":{"line":41,"column":1}},{"start":{},"end":{}}],"line":32}},"s":{"0":2,"1":2,"2":2,"3":2,"4":2,"5":2,"6":2,"7":2,"8":2,"9":2,"10":2,"11":2,"12":2,"13":2,"14":2,"15":2,"16":2,"17":0,"18":0,"19":0,"20":2},"f":{"0":0,"1":0},"b":{"0":[0,2]},"_coverageSchema":"1a1c01bbd47fc00a2c39e90264f33305004495a9","hash":"84eb009e41f8011d83bf9904e9a12f1467ff0a7e"}
,"C:\\Users\\Daniel\\OneDrive\\Escritorio\\Maestría\\BACKEND NODE JS\\tareas\\modulo4-ejercicio\\controllers\\authController.js": {"path":"C:\\Users\\Daniel\\OneDrive\\Escritorio\\Maestría\\BACKEND NODE JS\\tareas\\modulo4-ejercicio\\controllers\\authController.js","statementMap":{"0":{"start":{"line":1,"column":12},"end":{"line":1,"column":35}},"1":{"start":{"line":2,"column":15},"end":{"line":2,"column":32}},"2":{"start":{"line":3,"column":17},"end":{"line":3,"column":37}},"3":{"start":{"line":5,"column":22},"end":{"line":9,"column":1}},"4":{"start":{"line":6,"column":2},"end":{"line":8,"column":5}},"5":{"start":{"line":11,"column":0},"end":{"line":23,"column":2}},"6":{"start":{"line":12,"column":33},"end":{"line":12,"column":41}},"7":{"start":{"line":13,"column":2},"end":{"line":22,"column":3}},"8":{"start":{"line":14,"column":19},"end":{"line":14,"column":62}},"9":{"start":{"line":15,"column":4},"end":{"line":15,"column":76}},"10":{"start":{"line":15,"column":16},"end":{"line":15,"column":76}},"11":{"start":{"line":17,"column":17},"end":{"line":17,"column":58}},"12":{"start":{"line":18,"column":18},"end":{"line":18,"column":37}},"13":{"start":{"line":19,"column":4},"end":{"line":19,"column":63}},"14":{"start":{"line":21,"column":4},"end":{"line":21,"column":66}},"15":{"start":{"line":25,"column":0},"end":{"line":39,"column":2}},"16":{"start":{"line":26,"column":33},"end":{"line":26,"column":41}},"17":{"start":{"line":27,"column":2},"end":{"line":38,"column":3}},"18":{"start":{"line":28,"column":17},"end":{"line":28,"column":60}},"19":{"start":{"line":29,"column":4},"end":{"line":29,"column":80}},"20":{"start":{"line":29,"column":15},"end":{"line":29,"column":80}},"21":{"start":{"line":31,"column":18},"end":{"line":31,"column":63}},"22":{"start":{"line":32,"column":4},"end":{"line":32,"column":81}},"23":{"start":{"line":32,"column":16},"end":{"line":32,"column":81}},"24":{"start":{"line":34,"column":18},"end":{"line":34,"column":37}},"25":{"start":{"line":35,"column":4},"end":{"line":35,"column":50}},"26":{"start":{"line":37,"column":4},"end":{"line":37,"column":63}}},"fnMap":{"0":{"name":"(anonymous_0)","decl":{"start":{"line":5,"column":22},"end":{"line":5,"column":23}},"loc":{"start":{"line":5,"column":32},"end":{"line":9,"column":1}},"line":5},"1":{"name":"(anonymous_1)","decl":{"start":{"line":11,"column":19},"end":{"line":11,"column":20}},"loc":{"start":{"line":11,"column":39},"end":{"line":23,"column":1}},"line":11},"2":{"name":"(anonymous_2)","decl":{"start":{"line":25,"column":16},"end":{"line":25,"column":17}},"loc":{"start":{"line":25,"column":36},"end":{"line":39,"column":1}},"line":25}},"branchMap":{"0":{"loc":{"start":{"line":15,"column":4},"end":{"line":15,"column":76}},"type":"if","locations":[{"start":{"line":15,"column":4},"end":{"line":15,"column":76}},{"start":{},"end":{}}],"line":15},"1":{"loc":{"start":{"line":29,"column":4},"end":{"line":29,"column":80}},"type":"if","locations":[{"start":{"line":29,"column":4},"end":{"line":29,"column":80}},{"start":{},"end":{}}],"line":29},"2":{"loc":{"start":{"line":32,"column":4},"end":{"line":32,"column":81}},"type":"if","locations":[{"start":{"line":32,"column":4},"end":{"line":32,"column":81}},{"start":{},"end":{}}],"line":32}},"s":{"0":2,"1":2,"2":2,"3":2,"4":3,"5":2,"6":3,"7":3,"8":3,"9":3,"10":1,"11":2,"12":2,"13":2,"14":0,"15":2,"16":2,"17":2,"18":2,"19":2,"20":0,"21":2,"22":2,"23":1,"24":1,"25":1,"26":0},"f":{"0":3,"1":3,"2":2},"b":{"0":[1,2],"1":[0,2],"2":[1,1]},"_coverageSchema":"1a1c01bbd47fc00a2c39e90264f33305004495a9","hash":"7dc498eb49ea7ca39c8dbee374c4cba1f606c0be"}
,"C:\\Users\\Daniel\\OneDrive\\Escritorio\\Maestría\\BACKEND NODE JS\\tareas\\modulo4-ejercicio\\controllers\\taskController.js": {"path":"C:\\Users\\Daniel\\OneDrive\\Escritorio\\Maestría\\BACKEND NODE JS\\tareas\\modulo4-ejercicio\\controllers\\taskController.js","statementMap":{"0":{"start":{"line":1,"column":17},"end":{"line":1,"column":37}},"1":{"start":{"line":3,"column":0},"end":{"line":10,"column":2}},"2":{"start":{"line":4,"column":2},"end":{"line":9,"column":3}},"3":{"start":{"line":5,"column":18},"end":{"line":5,"column":71}},"4":{"start":{"line":6,"column":4},"end":{"line":6,"column":20}},"5":{"start":{"line":8,"column":4},"end":{"line":8,"column":63}},"6":{"start":{"line":12,"column":0},"end":{"line":20,"column":2}},"7":{"start":{"line":13,"column":2},"end":{"line":19,"column":3}},"8":{"start":{"line":14,"column":22},"end":{"line":14,"column":30}},"9":{"start":{"line":15,"column":17},"end":{"line":15,"column":65}},"10":{"start":{"line":16,"column":4},"end":{"line":16,"column":31}},"11":{"start":{"line":18,"column":4},"end":{"line":18,"column":60}},"12":{"start":{"line":22,"column":0},"end":{"line":38,"column":2}},"13":{"start":{"line":23,"column":2},"end":{"line":37,"column":3}},"14":{"start":{"line":24,"column":19},"end":{"line":24,"column":29}},"15":{"start":{"line":25,"column":33},"end":{"line":25,"column":41}},"16":{"start":{"line":27,"column":17},"end":{"line":27,"column":74}},"17":{"start":{"line":28,"column":4},"end":{"line":28,"column":77}},"18":{"start":{"line":28,"column":15},"end":{"line":28,"column":77}},"19":{"start":{"line":30,"column":4},"end":{"line":30,"column":37}},"20":{"start":{"line":31,"column":4},"end":{"line":31,"column":49}},"21":{"start":{"line":33,"column":4},"end":{"line":33,"column":22}},"22":{"start":{"line":34,"column":4},"end":{"line":34,"column":19}},"23":{"start":{"line":36,"column":4},"end":{"line":36,"column":65}},"24":{"start":{"line":40,"column":0},"end":{"line":52,"column":2}},"25":{"start":{"line":41,"column":2},"end":{"line":51,"column":3}},"26":{"start":{"line":42,"column":19},"end":{"line":42,"column":29}},"27":{"start":{"line":44,"column":17},"end":{"line":44,"column":74}},"28":{"start":{"line":45,"column":4},"end":{"line":45,"column":77}},"29":{"start":{"line":45,"column":15},"end":{"line":45,"column":77}},"30":{"start":{"line":47,"column":4},"end":{"line":47,"column":25}},"31":{"start":{"line":48,"column":4},"end":{"line":48,"column":45}},"32":{"start":{"line":50,"column":4},"end":{"line":50,"column":63}}},"fnMap":{"0":{"name":"(anonymous_0)","decl":{"start":{"line":3,"column":19},"end":{"line":3,"column":20}},"loc":{"start":{"line":3,"column":39},"end":{"line":10,"column":1}},"line":3},"1":{"name":"(anonymous_1)","decl":{"start":{"line":12,"column":21},"end":{"line":12,"column":22}},"loc":{"start":{"line":12,"column":41},"end":{"line":20,"column":1}},"line":12},"2":{"name":"(anonymous_2)","decl":{"start":{"line":22,"column":21},"end":{"line":22,"column":22}},"loc":{"start":{"line":22,"column":41},"end":{"line":38,"column":1}},"line":22},"3":{"name":"(anonymous_3)","decl":{"start":{"line":40,"column":21},"end":{"line":40,"column":22}},"loc":{"start":{"line":40,"column":41},"end":{"line":52,"column":1}},"line":40}},"branchMap":{"0":{"loc":{"start":{"line":28,"column":4},"end":{"line":28,"column":77}},"type":"if","locations":[{"start":{"line":28,"column":4},"end":{"line":28,"column":77}},{"start":{},"end":{}}],"line":28},"1":{"loc":{"start":{"line":30,"column":17},"end":{"line":30,"column":36}},"type":"binary-expr","locations":[{"start":{"line":30,"column":17},"end":{"line":30,"column":22}},{"start":{"line":30,"column":26},"end":{"line":30,"column":36}}],"line":30},"2":{"loc":{"start":{"line":31,"column":21},"end":{"line":31,"column":48}},"type":"binary-expr","locations":[{"start":{"line":31,"column":21},"end":{"line":31,"column":30}},{"start":{"line":31,"column":34},"end":{"line":31,"column":48}}],"line":31},"3":{"loc":{"start":{"line":45,"column":4},"end":{"line":45,"column":77}},"type":"if","locations":[{"start":{"line":45,"column":4},"end":{"line":45,"column":77}},{"start":{},"end":{}}],"line":45}},"s":{"0":2,"1":2,"2":1,"3":1,"4":1,"5":0,"6":2,"7":1,"8":1,"9":1,"10":1,"11":0,"12":2,"13":1,"14":1,"15":1,"16":1,"17":1,"18":0,"19":1,"20":1,"21":1,"22":1,"23":0,"24":2,"25":1,"26":1,"27":1,"28":1,"29":0,"30":1,"31":1,"32":0},"f":{"0":1,"1":1,"2":1,"3":1},"b":{"0":[0,1],"1":[1,0],"2":[1,0],"3":[0,1]},"_coverageSchema":"1a1c01bbd47fc00a2c39e90264f33305004495a9","hash":"cfe3412c01beac85624803fa44cadbe2b18700a2"}
,"C:\\Users\\Daniel\\OneDrive\\Escritorio\\Maestría\\BACKEND NODE JS\\tareas\\modulo4-ejercicio\\middlewares\\authMiddleware.js": {"path":"C:\\Users\\Daniel\\OneDrive\\Escritorio\\Maestría\\BACKEND NODE JS\\tareas\\modulo4-ejercicio\\middlewares\\authMiddleware.js","statementMap":{"0":{"start":{"line":1,"column":12},"end":{"line":1,"column":35}},"1":{"start":{"line":3,"column":23},"end":{"line":16,"column":1}},"2":{"start":{"line":4,"column":21},"end":{"line":4,"column":46}},"3":{"start":{"line":5,"column":2},"end":{"line":6,"column":69}},"4":{"start":{"line":6,"column":4},"end":{"line":6,"column":69}},"5":{"start":{"line":8,"column":16},"end":{"line":8,"column":40}},"6":{"start":{"line":9,"column":2},"end":{"line":15,"column":3}},"7":{"start":{"line":10,"column":20},"end":{"line":10,"column":61}},"8":{"start":{"line":11,"column":4},"end":{"line":11,"column":28}},"9":{"start":{"line":12,"column":4},"end":{"line":12,"column":11}},"10":{"start":{"line":14,"column":4},"end":{"line":14,"column":65}},"11":{"start":{"line":18,"column":0},"end":{"line":18,"column":32}}},"fnMap":{"0":{"name":"(anonymous_0)","decl":{"start":{"line":3,"column":23},"end":{"line":3,"column":24}},"loc":{"start":{"line":3,"column":43},"end":{"line":16,"column":1}},"line":3}},"branchMap":{"0":{"loc":{"start":{"line":5,"column":2},"end":{"line":6,"column":69}},"type":"if","locations":[{"start":{"line":5,"column":2},"end":{"line":6,"column":69}},{"start":{},"end":{}}],"line":5}},"s":{"0":2,"1":2,"2":4,"3":4,"4":0,"5":4,"6":4,"7":4,"8":4,"9":4,"10":0,"11":2},"f":{"0":4},"b":{"0":[0,4]},"_coverageSchema":"1a1c01bbd47fc00a2c39e90264f33305004495a9","hash":"d18d53c6f106a827fd6194f46b311852be65a85c"}
,"C:\\Users\\Daniel\\OneDrive\\Escritorio\\Maestría\\BACKEND NODE JS\\tareas\\modulo4-ejercicio\\middlewares\\sanitizeMiddleware.js": {"path":"C:\\Users\\Daniel\\OneDrive\\Escritorio\\Maestría\\BACKEND NODE JS\\tareas\\modulo4-ejercicio\\middlewares\\sanitizeMiddleware.js","statementMap":{"0":{"start":{"line":1,"column":29},"end":{"line":1,"column":57}},"1":{"start":{"line":2,"column":21},"end":{"line":2,"column":45}},"2":{"start":{"line":4,"column":17},"end":{"line":20,"column":1}},"3":{"start":{"line":6,"column":17},"end":{"line":6,"column":38}},"4":{"start":{"line":7,"column":2},"end":{"line":7,"column":81}},"5":{"start":{"line":7,"column":25},"end":{"line":7,"column":81}},"6":{"start":{"line":10,"column":2},"end":{"line":17,"column":3}},"7":{"start":{"line":11,"column":4},"end":{"line":16,"column":5}},"8":{"start":{"line":12,"column":6},"end":{"line":15,"column":9}},"9":{"start":{"line":19,"column":2},"end":{"line":19,"column":9}},"10":{"start":{"line":22,"column":0},"end":{"line":22,"column":26}}},"fnMap":{"0":{"name":"(anonymous_0)","decl":{"start":{"line":4,"column":17},"end":{"line":4,"column":18}},"loc":{"start":{"line":4,"column":37},"end":{"line":20,"column":1}},"line":4}},"branchMap":{"0":{"loc":{"start":{"line":7,"column":2},"end":{"line":7,"column":81}},"type":"if","locations":[{"start":{"line":7,"column":2},"end":{"line":7,"column":81}},{"start":{},"end":{}}],"line":7},"1":{"loc":{"start":{"line":11,"column":4},"end":{"line":16,"column":5}},"type":"if","locations":[{"start":{"line":11,"column":4},"end":{"line":16,"column":5}},{"start":{},"end":{}}],"line":11}},"s":{"0":2,"1":2,"2":2,"3":25,"4":25,"5":0,"6":25,"7":26,"8":24,"9":25,"10":2},"f":{"0":25},"b":{"0":[0,25],"1":[24,2]},"_coverageSchema":"1a1c01bbd47fc00a2c39e90264f33305004495a9","hash":"cec196e81dad13a229ef1dd31290acfaafc40b74"}
,"C:\\Users\\Daniel\\OneDrive\\Escritorio\\Maestría\\BACKEND NODE JS\\tareas\\modulo4-ejercicio\\models\\index.js": {"path":"C:\\Users\\Daniel\\OneDrive\\Escritorio\\Maestría\\BACKEND NODE JS\\tareas\\modulo4-ejercicio\\models\\index.js","statementMap":{"0":{"start":{"line":1,"column":22},"end":{"line":1,"column":42}},"1":{"start":{"line":2,"column":0},"end":{"line":2,"column":27}},"2":{"start":{"line":6,"column":2},"end":{"line":8,"column":25}},"3":{"start":{"line":10,"column":18},"end":{"line":19,"column":1}},"4":{"start":{"line":22,"column":13},"end":{"line":22,"column":41}},"5":{"start":{"line":23,"column":13},"end":{"line":23,"column":41}},"6":{"start":{"line":26,"column":0},"end":{"line":26,"column":44}},"7":{"start":{"line":27,"column":0},"end":{"line":27,"column":21}},"8":{"start":{"line":29,"column":0},"end":{"line":33,"column":2}}},"fnMap":{},"branchMap":{"0":{"loc":{"start":{"line":6,"column":2},"end":{"line":8,"column":25}},"type":"cond-expr","locations":[{"start":{"line":7,"column":6},"end":{"line":7,"column":53}},{"start":{"line":8,"column":6},"end":{"line":8,"column":25}}],"line":6},"1":{"loc":{"start":{"line":7,"column":6},"end":{"line":7,"column":53}},"type":"binary-expr","locations":[{"start":{"line":7,"column":6},"end":{"line":7,"column":30}},{"start":{"line":7,"column":34},"end":{"line":7,"column":53}}],"line":7}},"s":{"0":2,"1":2,"2":2,"3":2,"4":2,"5":2,"6":2,"7":2,"8":2},"f":{},"b":{"0":[2,0],"1":[2,0]},"_coverageSchema":"1a1c01bbd47fc00a2c39e90264f33305004495a9","hash":"ac5be6ded48792934149ff6b5638d62b414bd674"}
,"C:\\Users\\Daniel\\OneDrive\\Escritorio\\Maestría\\BACKEND NODE JS\\tareas\\modulo4-ejercicio\\models\\task.js": {"path":"C:\\Users\\Daniel\\OneDrive\\Escritorio\\Maestría\\BACKEND NODE JS\\tareas\\modulo4-ejercicio\\models\\task.js","statementMap":{"0":{"start":{"line":1,"column":22},"end":{"line":1,"column":42}},"1":{"start":{"line":3,"column":0},"end":{"line":16,"column":2}},"2":{"start":{"line":4,"column":15},"end":{"line":13,"column":4}},"3":{"start":{"line":15,"column":2},"end":{"line":15,"column":14}}},"fnMap":{"0":{"name":"(anonymous_0)","decl":{"start":{"line":3,"column":17},"end":{"line":3,"column":18}},"loc":{"start":{"line":3,"column":32},"end":{"line":16,"column":1}},"line":3}},"branchMap":{},"s":{"0":2,"1":2,"2":2,"3":2},"f":{"0":2},"b":{},"_coverageSchema":"1a1c01bbd47fc00a2c39e90264f33305004495a9","hash":"af7e3fec3f01f9817171ca43b878c8359d732bdc"}
,"C:\\Users\\Daniel\\OneDrive\\Escritorio\\Maestría\\BACKEND NODE JS\\tareas\\modulo4-ejercicio\\models\\user.js": {"path":"C:\\Users\\Daniel\\OneDrive\\Escritorio\\Maestría\\BACKEND NODE JS\\tareas\\modulo4-ejercicio\\models\\user.js","statementMap":{"0":{"start":{"line":1,"column":22},"end":{"line":1,"column":42}},"1":{"start":{"line":3,"column":0},"end":{"line":23,"column":2}},"2":{"start":{"line":4,"column":15},"end":{"line":14,"column":4}},"3":{"start":{"line":16,"column":2},"end":{"line":20,"column":5}},"4":{"start":{"line":17,"column":19},"end":{"line":17,"column":36}},"5":{"start":{"line":18,"column":17},"end":{"line":18,"column":39}},"6":{"start":{"line":19,"column":4},"end":{"line":19,"column":59}},"7":{"start":{"line":22,"column":2},"end":{"line":22,"column":14}}},"fnMap":{"0":{"name":"(anonymous_0)","decl":{"start":{"line":3,"column":17},"end":{"line":3,"column":18}},"loc":{"start":{"line":3,"column":32},"end":{"line":23,"column":1}},"line":3},"1":{"name":"(anonymous_1)","decl":{"start":{"line":16,"column":20},"end":{"line":16,"column":21}},"loc":{"start":{"line":16,"column":36},"end":{"line":20,"column":3}},"line":16}},"branchMap":{},"s":{"0":2,"1":2,"2":2,"3":2,"4":2,"5":2,"6":2,"7":2},"f":{"0":2,"1":2},"b":{},"_coverageSchema":"1a1c01bbd47fc00a2c39e90264f33305004495a9","hash":"3a053c6e17647d7714067cbdc1e5f6191384a2b9"}
,"C:\\Users\\Daniel\\OneDrive\\Escritorio\\Maestría\\BACKEND NODE JS\\tareas\\modulo4-ejercicio\\routes\\authRoutes.js": {"path":"C:\\Users\\Daniel\\OneDrive\\Escritorio\\Maestría\\BACKEND NODE JS\\tareas\\modulo4-ejercicio\\routes\\authRoutes.js","statementMap":{"0":{"start":{"line":1,"column":16},"end":{"line":1,"column":34}},"1":{"start":{"line":2,"column":17},"end":{"line":2,"column":45}},"2":{"start":{"line":3,"column":28},"end":{"line":3,"column":68}},"3":{"start":{"line":4,"column":17},"end":{"line":4,"column":61}},"4":{"start":{"line":6,"column":15},"end":{"line":6,"column":31}},"5":{"start":{"line":8,"column":0},"end":{"line":16,"column":2}},"6":{"start":{"line":18,"column":0},"end":{"line":26,"column":2}},"7":{"start":{"line":28,"column":0},"end":{"line":28,"column":24}}},"fnMap":{},"branchMap":{},"s":{"0":2,"1":2,"2":2,"3":2,"4":2,"5":2,"6":2,"7":2},"f":{},"b":{},"_coverageSchema":"1a1c01bbd47fc00a2c39e90264f33305004495a9","hash":"ccb345b0f26201365458d26fc9ca1276145325d5"}
,"C:\\Users\\Daniel\\OneDrive\\Escritorio\\Maestría\\BACKEND NODE JS\\tareas\\modulo4-ejercicio\\routes\\taskRoutes.js": {"path":"C:\\Users\\Daniel\\OneDrive\\Escritorio\\Maestría\\BACKEND NODE JS\\tareas\\modulo4-ejercicio\\routes\\taskRoutes.js","statementMap":{"0":{"start":{"line":1,"column":16},"end":{"line":1,"column":34}},"1":{"start":{"line":2,"column":17},"end":{"line":2,"column":45}},"2":{"start":{"line":8,"column":4},"end":{"line":8,"column":44}},"3":{"start":{"line":9,"column":13},"end":{"line":9,"column":53}},"4":{"start":{"line":10,"column":17},"end":{"line":10,"column":61}},"5":{"start":{"line":12,"column":15},"end":{"line":12,"column":31}},"6":{"start":{"line":15,"column":0},"end":{"line":15,"column":17}},"7":{"start":{"line":17,"column":0},"end":{"line":17,"column":31}},"8":{"start":{"line":19,"column":0},"end":{"line":23,"column":2}},"9":{"start":{"line":25,"column":0},"end":{"line":29,"column":2}},"10":{"start":{"line":31,"column":0},"end":{"line":31,"column":40}},"11":{"start":{"line":33,"column":0},"end":{"line":33,"column":24}}},"fnMap":{},"branchMap":{},"s":{"0":2,"1":2,"2":2,"3":2,"4":2,"5":2,"6":2,"7":2,"8":2,"9":2,"10":2,"11":2},"f":{},"b":{},"_coverageSchema":"1a1c01bbd47fc00a2c39e90264f33305004495a9","hash":"ebf945c055124dc0f84b90617fa16532a8873028"}
}
