TN:
SF:app.js
FN:35,(anonymous_0)
FN:38,(anonymous_1)
FNF:2
FNH:0
FNDA:0,(anonymous_0)
FNDA:0,(anonymous_1)
DA:2,2
DA:3,2
DA:4,2
DA:5,2
DA:6,2
DA:7,2
DA:8,2
DA:9,2
DA:10,2
DA:13,2
DA:20,2
DA:23,2
DA:24,2
DA:25,2
DA:28,2
DA:29,2
DA:32,2
DA:33,0
DA:36,0
DA:39,0
DA:43,2
LF:21
LH:18
BRDA:32,0,0,0
BRDA:32,0,1,2
BRF:2
BRH:1
end_of_record
TN:
SF:controllers\authController.js
FN:5,(anonymous_0)
FN:11,(anonymous_1)
FN:25,(anonymous_2)
FNF:3
FNH:3
FNDA:3,(anonymous_0)
FNDA:3,(anonymous_1)
FNDA:2,(anonymous_2)
DA:1,2
DA:2,2
DA:3,2
DA:5,2
DA:6,3
DA:11,2
DA:12,3
DA:13,3
DA:14,3
DA:15,3
DA:17,2
DA:18,2
DA:19,2
DA:21,0
DA:25,2
DA:26,2
DA:27,2
DA:28,2
DA:29,2
DA:31,2
DA:32,2
DA:34,1
DA:35,1
DA:37,0
LF:24
LH:22
BRDA:15,0,0,1
BRDA:15,0,1,2
BRDA:29,1,0,0
BRDA:29,1,1,2
BRDA:32,2,0,1
BRDA:32,2,1,1
BRF:6
BRH:5
end_of_record
TN:
SF:controllers\taskController.js
FN:3,(anonymous_0)
FN:12,(anonymous_1)
FN:22,(anonymous_2)
FN:40,(anonymous_3)
FNF:4
FNH:4
FNDA:1,(anonymous_0)
FNDA:1,(anonymous_1)
FNDA:1,(anonymous_2)
FNDA:1,(anonymous_3)
DA:1,2
DA:3,2
DA:4,1
DA:5,1
DA:6,1
DA:8,0
DA:12,2
DA:13,1
DA:14,1
DA:15,1
DA:16,1
DA:18,0
DA:22,2
DA:23,1
DA:24,1
DA:25,1
DA:27,1
DA:28,1
DA:30,1
DA:31,1
DA:33,1
DA:34,1
DA:36,0
DA:40,2
DA:41,1
DA:42,1
DA:44,1
DA:45,1
DA:47,1
DA:48,1
DA:50,0
LF:31
LH:27
BRDA:28,0,0,0
BRDA:28,0,1,1
BRDA:30,1,0,1
BRDA:30,1,1,0
BRDA:31,2,0,1
BRDA:31,2,1,0
BRDA:45,3,0,0
BRDA:45,3,1,1
BRF:8
BRH:4
end_of_record
TN:
SF:middlewares\authMiddleware.js
FN:3,(anonymous_0)
FNF:1
FNH:1
FNDA:4,(anonymous_0)
DA:1,2
DA:3,2
DA:4,4
DA:5,4
DA:6,0
DA:8,4
DA:9,4
DA:10,4
DA:11,4
DA:12,4
DA:14,0
DA:18,2
LF:12
LH:10
BRDA:5,0,0,0
BRDA:5,0,1,4
BRF:2
BRH:1
end_of_record
TN:
SF:middlewares\sanitizeMiddleware.js
FN:4,(anonymous_0)
FNF:1
FNH:1
FNDA:25,(anonymous_0)
DA:1,2
DA:2,2
DA:4,2
DA:6,25
DA:7,25
DA:10,25
DA:11,26
DA:12,24
DA:19,25
DA:22,2
LF:10
LH:10
BRDA:7,0,0,0
BRDA:7,0,1,25
BRDA:11,1,0,24
BRDA:11,1,1,2
BRF:4
BRH:3
end_of_record
TN:
SF:models\index.js
FNF:0
FNH:0
DA:1,2
DA:2,2
DA:6,2
DA:10,2
DA:22,2
DA:23,2
DA:26,2
DA:27,2
DA:29,2
LF:9
LH:9
BRDA:6,0,0,2
BRDA:6,0,1,0
BRDA:7,1,0,2
BRDA:7,1,1,0
BRF:4
BRH:2
end_of_record
TN:
SF:models\task.js
FN:3,(anonymous_0)
FNF:1
FNH:1
FNDA:2,(anonymous_0)
DA:1,2
DA:3,2
DA:4,2
DA:15,2
LF:4
LH:4
BRF:0
BRH:0
end_of_record
TN:
SF:models\user.js
FN:3,(anonymous_0)
FN:16,(anonymous_1)
FNF:2
FNH:2
FNDA:2,(anonymous_0)
FNDA:2,(anonymous_1)
DA:1,2
DA:3,2
DA:4,2
DA:16,2
DA:17,2
DA:18,2
DA:19,2
DA:22,2
LF:8
LH:8
BRF:0
BRH:0
end_of_record
TN:
SF:routes\authRoutes.js
FNF:0
FNH:0
DA:1,2
DA:2,2
DA:3,2
DA:4,2
DA:6,2
DA:8,2
DA:18,2
DA:28,2
LF:8
LH:8
BRF:0
BRH:0
end_of_record
TN:
SF:routes\taskRoutes.js
FNF:0
FNH:0
DA:1,2
DA:2,2
DA:8,2
DA:9,2
DA:10,2
DA:12,2
DA:15,2
DA:17,2
DA:19,2
DA:25,2
DA:31,2
DA:33,2
LF:12
LH:12
BRF:0
BRH:0
end_of_record
